# JRE version: OpenJDK Runtime Environment (8.0_152-b02) (build 1.8.0_152-release-1024-b02)
# Java VM: OpenJDK 64-Bit Server VM (25.152-b02 mixed mode windows-amd64 compressed oops)
Heap:
 PSYoungGen      total 33280K, used 28769K [0x00000000ec700000, 0x00000000f1500000, 0x0000000100000000)
  eden space 30720K, 93% used [0x00000000ec700000,0x00000000ee3185f0,0x00000000ee500000)
  from space 2560K, 0% used [0x00000000ee500000,0x00000000ee500000,0x00000000ee780000)
  to   space 9216K, 0% used [0x00000000f0c00000,0x00000000f0c00000,0x00000000f1500000)
 ParOldGen       total 41472K, used 10302K [0x00000000c5400000, 0x00000000c7c80000, 0x00000000ec700000)
  object space 41472K, 24% used [0x00000000c5400000,0x00000000c5e0fa00,0x00000000c7c80000)
 Metaspace       used 25367K, capacity 25712K, committed 25984K, reserved 1071104K
  class space    used 3213K, capacity 3352K, committed 3456K, reserved 1048576K
GC Heap History (10 events):
Event: 0.991 GC heap before
{Heap before GC invocations=2 (full 0):
 PSYoungGen      total 17920K, used 17898K [0x00000000ec700000, 0x00000000edb00000, 0x0000000100000000)
  eden space 15360K, 100% used [0x00000000ec700000,0x00000000ed600000,0x00000000ed600000)
  from space 2560K, 99% used [0x00000000ed600000,0x00000000ed87a880,0x00000000ed880000)
  to   space 2560K, 0% used [0x00000000ed880000,0x00000000ed880000,0x00000000edb00000)
 ParOldGen       total 40960K, used 1221K [0x00000000c5400000, 0x00000000c7c00000, 0x00000000ec700000)
  object space 40960K, 2% used [0x00000000c5400000,0x00000000c5531610,0x00000000c7c00000)
 Metaspace       used 8921K, capacity 9652K, committed 9728K, reserved 1058816K
  class space    used 1001K, capacity 1008K, committed 1024K, reserved 1048576K
Event: 0.998 GC heap after
Heap after GC invocations=2 (full 0):
 PSYoungGen      total 17920K, used 2538K [0x00000000ec700000, 0x00000000eea00000, 0x0000000100000000)
  eden space 15360K, 0% used [0x00000000ec700000,0x00000000ec700000,0x00000000ed600000)
  from space 2560K, 99% used [0x00000000ed880000,0x00000000edafa840,0x00000000edb00000)
  to   space 2560K, 0% used [0x00000000ed600000,0x00000000ed600000,0x00000000ed880000)
 ParOldGen       total 40960K, used 3307K [0x00000000c5400000, 0x00000000c7c00000, 0x00000000ec700000)
  object space 40960K, 8% used [0x00000000c5400000,0x00000000c573ae70,0x00000000c7c00000)
 Metaspace       used 8921K, capacity 9652K, committed 9728K, reserved 1058816K
  class space    used 1001K, capacity 1008K, committed 1024K, reserved 1048576K
}
Event: 1.506 GC heap before
{Heap before GC invocations=3 (full 0):
 PSYoungGen      total 17920K, used 17898K [0x00000000ec700000, 0x00000000eea00000, 0x0000000100000000)
  eden space 15360K, 100% used [0x00000000ec700000,0x00000000ed600000,0x00000000ed600000)
  from space 2560K, 99% used [0x00000000ed880000,0x00000000edafa840,0x00000000edb00000)
  to   space 2560K, 0% used [0x00000000ed600000,0x00000000ed600000,0x00000000ed880000)
 ParOldGen       total 40960K, used 3307K [0x00000000c5400000, 0x00000000c7c00000, 0x00000000ec700000)
  object space 40960K, 8% used [0x00000000c5400000,0x00000000c573ae70,0x00000000c7c00000)
 Metaspace       used 13635K, capacity 13886K, committed 13952K, reserved 1060864K
  class space    used 1567K, capacity 1643K, committed 1664K, reserved 1048576K
Event: 1.514 GC heap after
Heap after GC invocations=3 (full 0):
 PSYoungGen      total 17920K, used 2544K [0x00000000ec700000, 0x00000000eea00000, 0x0000000100000000)
  eden space 15360K, 0% used [0x00000000ec700000,0x00000000ec700000,0x00000000ed600000)
  from space 2560K, 99% used [0x00000000ed600000,0x00000000ed87c030,0x00000000ed880000)
  to   space 2560K, 0% used [0x00000000ee780000,0x00000000ee780000,0x00000000eea00000)
 ParOldGen       total 40960K, used 6479K [0x00000000c5400000, 0x00000000c7c00000, 0x00000000ec700000)
  object space 40960K, 15% used [0x00000000c5400000,0x00000000c5a53ea0,0x00000000c7c00000)
 Metaspace       used 13635K, capacity 13886K, committed 13952K, reserved 1060864K
  class space    used 1567K, capacity 1643K, committed 1664K, reserved 1048576K
}
Event: 1.851 GC heap before
{Heap before GC invocations=4 (full 0):
 PSYoungGen      total 17920K, used 17904K [0x00000000ec700000, 0x00000000eea00000, 0x0000000100000000)
  eden space 15360K, 100% used [0x00000000ec700000,0x00000000ed600000,0x00000000ed600000)
  from space 2560K, 99% used [0x00000000ed600000,0x00000000ed87c030,0x00000000ed880000)
  to   space 2560K, 0% used [0x00000000ee780000,0x00000000ee780000,0x00000000eea00000)
 ParOldGen       total 40960K, used 6479K [0x00000000c5400000, 0x00000000c7c00000, 0x00000000ec700000)
  object space 40960K, 15% used [0x00000000c5400000,0x00000000c5a53ea0,0x00000000c7c00000)
 Metaspace       used 17000K, capacity 17304K, committed 17536K, reserved 1064960K
  class space    used 2036K, capacity 2144K, committed 2176K, reserved 1048576K
Event: 1.860 GC heap after
Heap after GC invocations=4 (full 0):
 PSYoungGen      total 33280K, used 2528K [0x00000000ec700000, 0x00000000eea00000, 0x0000000100000000)
  eden space 30720K, 0% used [0x00000000ec700000,0x00000000ec700000,0x00000000ee500000)
  from space 2560K, 98% used [0x00000000ee780000,0x00000000ee9f8020,0x00000000eea00000)
  to   space 2560K, 0% used [0x00000000ee500000,0x00000000ee500000,0x00000000ee780000)
 ParOldGen       total 40960K, used 9783K [0x00000000c5400000, 0x00000000c7c00000, 0x00000000ec700000)
  object space 40960K, 23% used [0x00000000c5400000,0x00000000c5d8dca0,0x00000000c7c00000)
 Metaspace       used 17000K, capacity 17304K, committed 17536K, reserved 1064960K
  class space    used 2036K, capacity 2144K, committed 2176K, reserved 1048576K
}
Event: 2.452 GC heap before
{Heap before GC invocations=5 (full 0):
 PSYoungGen      total 33280K, used 30823K [0x00000000ec700000, 0x00000000eea00000, 0x0000000100000000)
  eden space 30720K, 92% used [0x00000000ec700000,0x00000000ee2a1c88,0x00000000ee500000)
  from space 2560K, 98% used [0x00000000ee780000,0x00000000ee9f8020,0x00000000eea00000)
  to   space 2560K, 0% used [0x00000000ee500000,0x00000000ee500000,0x00000000ee780000)
 ParOldGen       total 40960K, used 9783K [0x00000000c5400000, 0x00000000c7c00000, 0x00000000ec700000)
  object space 40960K, 23% used [0x00000000c5400000,0x00000000c5d8dca0,0x00000000c7c00000)
 Metaspace       used 20800K, capacity 21166K, committed 21248K, reserved 1067008K
  class space    used 2653K, capacity 2801K, committed 2816K, reserved 1048576K
Event: 2.472 GC heap after
Heap after GC invocations=5 (full 0):
 PSYoungGen      total 33280K, used 2544K [0x00000000ec700000, 0x00000000f1500000, 0x0000000100000000)
  eden space 30720K, 0% used [0x00000000ec700000,0x00000000ec700000,0x00000000ee500000)
  from space 2560K, 99% used [0x00000000ee500000,0x00000000ee77c010,0x00000000ee780000)
  to   space 9216K, 0% used [0x00000000f0c00000,0x00000000f0c00000,0x00000000f1500000)
 ParOldGen       total 40960K, used 16214K [0x00000000c5400000, 0x00000000c7c00000, 0x00000000ec700000)
  object space 40960K, 39% used [0x00000000c5400000,0x00000000c63d5b48,0x00000000c7c00000)
 Metaspace       used 20800K, capacity 21166K, committed 21248K, reserved 1067008K
  class space    used 2653K, capacity 2801K, committed 2816K, reserved 1048576K
}
Event: 2.472 GC heap before
{Heap before GC invocations=6 (full 1):
 PSYoungGen      total 33280K, used 2544K [0x00000000ec700000, 0x00000000f1500000, 0x0000000100000000)
  eden space 30720K, 0% used [0x00000000ec700000,0x00000000ec700000,0x00000000ee500000)
  from space 2560K, 99% used [0x00000000ee500000,0x00000000ee77c010,0x00000000ee780000)
  to   space 9216K, 0% used [0x00000000f0c00000,0x00000000f0c00000,0x00000000f1500000)
 ParOldGen       total 40960K, used 16214K [0x00000000c5400000, 0x00000000c7c00000, 0x00000000ec700000)
  object space 40960K, 39% used [0x00000000c5400000,0x00000000c63d5b48,0x00000000c7c00000)
 Metaspace       used 20800K, capacity 21166K, committed 21248K, reserved 1067008K
  class space    used 2653K, capacity 2801K, committed 2816K, reserved 1048576K
Event: 2.552 GC heap after
Heap after GC invocations=6 (full 1):
 PSYoungGen      total 33280K, used 0K [0x00000000ec700000, 0x00000000f1500000, 0x0000000100000000)
  eden space 30720K, 0% used [0x00000000ec700000,0x00000000ec700000,0x00000000ee500000)
  from space 2560K, 0% used [0x00000000ee500000,0x00000000ee500000,0x00000000ee780000)
  to   space 9216K, 0% used [0x00000000f0c00000,0x00000000f0c00000,0x00000000f1500000)
 ParOldGen       total 41472K, used 10302K [0x00000000c5400000, 0x00000000c7c80000, 0x00000000ec700000)
  object space 41472K, 24% used [0x00000000c5400000,0x00000000c5e0fa00,0x00000000c7c80000)
 Metaspace       used 20800K, capacity 21166K, committed 21248K, reserved 1067008K
  class space    used 2653K, capacity 2801K, committed 2816K, reserved 1048576K
}

