# JRE version: OpenJDK Runtime Environment (8.0_152-b02) (build 1.8.0_152-release-1024-b02)
# Java VM: OpenJDK 64-Bit Server VM (25.152-b02 mixed mode windows-amd64 compressed oops)
Heap:
 PSYoungGen      total 228864K, used 80837K [0x00000000eab00000, 0x00000000fcc00000, 0x0000000100000000)
  eden space 190464K, 22% used [0x00000000eab00000,0x00000000ed479390,0x00000000f6500000)
  from space 38400K, 99% used [0x00000000f9100000,0x00000000fb6781c0,0x00000000fb680000)
  to   space 45056K, 0% used [0x00000000f6500000,0x00000000f6500000,0x00000000f9100000)
 ParOldGen       total 114688K, used 37575K [0x00000000c0000000, 0x00000000c7000000, 0x00000000eab00000)
  object space 114688K, 32% used [0x00000000c0000000,0x00000000c24b1f78,0x00000000c7000000)
 Metaspace       used 57622K, capacity 58923K, committed 59136K, reserved 1101824K
  class space    used 6810K, capacity 7117K, committed 7168K, reserved 1048576K
GC Heap History (10 events):
Event: 1518.987 GC heap before
{Heap before GC invocations=17 (full 4):
 PSYoungGen      total 150528K, used 133345K [0x00000000eab00000, 0x00000000f5e00000, 0x0000000100000000)
  eden space 118784K, 100% used [0x00000000eab00000,0x00000000f1f00000,0x00000000f1f00000)
  from space 31744K, 45% used [0x00000000f3f00000,0x00000000f4d386a8,0x00000000f5e00000)
  to   space 32256K, 0% used [0x00000000f1f00000,0x00000000f1f00000,0x00000000f3e80000)
 ParOldGen       total 89600K, used 31846K [0x00000000c0000000, 0x00000000c5780000, 0x00000000eab00000)
  object space 89600K, 35% used [0x00000000c0000000,0x00000000c1f19ac8,0x00000000c5780000)
 Metaspace       used 55062K, capacity 56173K, committed 56448K, reserved 1099776K
  class space    used 6745K, capacity 7002K, committed 7040K, reserved 1048576K
Event: 1519.119 GC heap after
Heap after GC invocations=17 (full 4):
 PSYoungGen      total 151040K, used 32234K [0x00000000eab00000, 0x00000000f9400000, 0x0000000100000000)
  eden space 118784K, 0% used [0x00000000eab00000,0x00000000eab00000,0x00000000f1f00000)
  from space 32256K, 99% used [0x00000000f1f00000,0x00000000f3e7aae8,0x00000000f3e80000)
  to   space 40448K, 0% used [0x00000000f6c80000,0x00000000f6c80000,0x00000000f9400000)
 ParOldGen       total 89600K, used 39328K [0x00000000c0000000, 0x00000000c5780000, 0x00000000eab00000)
  object space 89600K, 43% used [0x00000000c0000000,0x00000000c2668230,0x00000000c5780000)
 Metaspace       used 55062K, capacity 56173K, committed 56448K, reserved 1099776K
  class space    used 6745K, capacity 7002K, committed 7040K, reserved 1048576K
}
Event: 1714.905 GC heap before
{Heap before GC invocations=18 (full 4):
 PSYoungGen      total 151040K, used 151018K [0x00000000eab00000, 0x00000000f9400000, 0x0000000100000000)
  eden space 118784K, 100% used [0x00000000eab00000,0x00000000f1f00000,0x00000000f1f00000)
  from space 32256K, 99% used [0x00000000f1f00000,0x00000000f3e7aae8,0x00000000f3e80000)
  to   space 40448K, 0% used [0x00000000f6c80000,0x00000000f6c80000,0x00000000f9400000)
 ParOldGen       total 89600K, used 39328K [0x00000000c0000000, 0x00000000c5780000, 0x00000000eab00000)
  object space 89600K, 43% used [0x00000000c0000000,0x00000000c2668230,0x00000000c5780000)
 Metaspace       used 55909K, capacity 57139K, committed 57344K, reserved 1099776K
  class space    used 6807K, capacity 7119K, committed 7168K, reserved 1048576K
Event: 1715.036 GC heap after
Heap after GC invocations=18 (full 4):
 PSYoungGen      total 186880K, used 19601K [0x00000000eab00000, 0x00000000f8d80000, 0x0000000100000000)
  eden space 153088K, 0% used [0x00000000eab00000,0x00000000eab00000,0x00000000f4080000)
  from space 33792K, 58% used [0x00000000f6c80000,0x00000000f7fa4700,0x00000000f8d80000)
  to   space 39424K, 0% used [0x00000000f4080000,0x00000000f4080000,0x00000000f6700000)
 ParOldGen       total 89600K, used 71218K [0x00000000c0000000, 0x00000000c5780000, 0x00000000eab00000)
  object space 89600K, 79% used [0x00000000c0000000,0x00000000c458cbe8,0x00000000c5780000)
 Metaspace       used 55909K, capacity 57139K, committed 57344K, reserved 1099776K
  class space    used 6807K, capacity 7119K, committed 7168K, reserved 1048576K
}
Event: 1715.036 GC heap before
{Heap before GC invocations=19 (full 5):
 PSYoungGen      total 186880K, used 19601K [0x00000000eab00000, 0x00000000f8d80000, 0x0000000100000000)
  eden space 153088K, 0% used [0x00000000eab00000,0x00000000eab00000,0x00000000f4080000)
  from space 33792K, 58% used [0x00000000f6c80000,0x00000000f7fa4700,0x00000000f8d80000)
  to   space 39424K, 0% used [0x00000000f4080000,0x00000000f4080000,0x00000000f6700000)
 ParOldGen       total 89600K, used 71218K [0x00000000c0000000, 0x00000000c5780000, 0x00000000eab00000)
  object space 89600K, 79% used [0x00000000c0000000,0x00000000c458cbe8,0x00000000c5780000)
 Metaspace       used 55909K, capacity 57139K, committed 57344K, reserved 1099776K
  class space    used 6807K, capacity 7119K, committed 7168K, reserved 1048576K
Event: 1715.574 GC heap after
Heap after GC invocations=19 (full 5):
 PSYoungGen      total 186880K, used 0K [0x00000000eab00000, 0x00000000f8d80000, 0x0000000100000000)
  eden space 153088K, 0% used [0x00000000eab00000,0x00000000eab00000,0x00000000f4080000)
  from space 33792K, 0% used [0x00000000f6c80000,0x00000000f6c80000,0x00000000f8d80000)
  to   space 39424K, 0% used [0x00000000f4080000,0x00000000f4080000,0x00000000f6700000)
 ParOldGen       total 114688K, used 35504K [0x00000000c0000000, 0x00000000c7000000, 0x00000000eab00000)
  object space 114688K, 30% used [0x00000000c0000000,0x00000000c22ac260,0x00000000c7000000)
 Metaspace       used 55232K, capacity 56265K, committed 57344K, reserved 1099776K
  class space    used 6710K, capacity 6960K, committed 7168K, reserved 1048576K
}
Event: 2237.748 GC heap before
{Heap before GC invocations=20 (full 5):
 PSYoungGen      total 186880K, used 153088K [0x00000000eab00000, 0x00000000f8d80000, 0x0000000100000000)
  eden space 153088K, 100% used [0x00000000eab00000,0x00000000f4080000,0x00000000f4080000)
  from space 33792K, 0% used [0x00000000f6c80000,0x00000000f6c80000,0x00000000f8d80000)
  to   space 39424K, 0% used [0x00000000f4080000,0x00000000f4080000,0x00000000f6700000)
 ParOldGen       total 114688K, used 35504K [0x00000000c0000000, 0x00000000c7000000, 0x00000000eab00000)
  object space 114688K, 30% used [0x00000000c0000000,0x00000000c22ac260,0x00000000c7000000)
 Metaspace       used 56388K, capacity 57545K, committed 57856K, reserved 1099776K
  class space    used 6761K, capacity 7038K, committed 7168K, reserved 1048576K
Event: 2238.001 GC heap after
Heap after GC invocations=20 (full 5):
 PSYoungGen      total 192512K, used 20714K [0x00000000eab00000, 0x00000000fb680000, 0x0000000100000000)
  eden space 153088K, 0% used [0x00000000eab00000,0x00000000eab00000,0x00000000f4080000)
  from space 39424K, 52% used [0x00000000f4080000,0x00000000f54ba938,0x00000000f6700000)
  to   space 38400K, 0% used [0x00000000f9100000,0x00000000f9100000,0x00000000fb680000)
 ParOldGen       total 114688K, used 35512K [0x00000000c0000000, 0x00000000c7000000, 0x00000000eab00000)
  object space 114688K, 30% used [0x00000000c0000000,0x00000000c22ae260,0x00000000c7000000)
 Metaspace       used 56388K, capacity 57545K, committed 57856K, reserved 1099776K
  class space    used 6761K, capacity 7038K, committed 7168K, reserved 1048576K
}
Event: 2242.060 GC heap before
{Heap before GC invocations=21 (full 5):
 PSYoungGen      total 192512K, used 173802K [0x00000000eab00000, 0x00000000fb680000, 0x0000000100000000)
  eden space 153088K, 100% used [0x00000000eab00000,0x00000000f4080000,0x00000000f4080000)
  from space 39424K, 52% used [0x00000000f4080000,0x00000000f54ba938,0x00000000f6700000)
  to   space 38400K, 0% used [0x00000000f9100000,0x00000000f9100000,0x00000000fb680000)
 ParOldGen       total 114688K, used 35512K [0x00000000c0000000, 0x00000000c7000000, 0x00000000eab00000)
  object space 114688K, 30% used [0x00000000c0000000,0x00000000c22ae260,0x00000000c7000000)
 Metaspace       used 57613K, capacity 58859K, committed 59136K, reserved 1101824K
  class space    used 6810K, capacity 7117K, committed 7168K, reserved 1048576K
Event: 2242.151 GC heap after
Heap after GC invocations=21 (full 5):
 PSYoungGen      total 228864K, used 38368K [0x00000000eab00000, 0x00000000fcc00000, 0x0000000100000000)
  eden space 190464K, 0% used [0x00000000eab00000,0x00000000eab00000,0x00000000f6500000)
  from space 38400K, 99% used [0x00000000f9100000,0x00000000fb6781c0,0x00000000fb680000)
  to   space 45056K, 0% used [0x00000000f6500000,0x00000000f6500000,0x00000000f9100000)
 ParOldGen       total 114688K, used 37575K [0x00000000c0000000, 0x00000000c7000000, 0x00000000eab00000)
  object space 114688K, 32% used [0x00000000c0000000,0x00000000c24b1f78,0x00000000c7000000)
 Metaspace       used 57613K, capacity 58859K, committed 59136K, reserved 1101824K
  class space    used 6810K, capacity 7117K, committed 7168K, reserved 1048576K
}

