# JRE version: OpenJDK Runtime Environment (8.0_152-b02) (build 1.8.0_152-release-1024-b02)
# Java VM: OpenJDK 64-Bit Server VM (25.152-b02 mixed mode windows-amd64 compressed oops)
Heap:
 PSYoungGen      total 49152K, used 45602K [0x00000000eab00000, 0x00000000eec00000, 0x0000000100000000)
  eden space 46592K, 92% used [0x00000000eab00000,0x00000000ed50be48,0x00000000ed880000)
  from space 2560K, 99% used [0x00000000ee980000,0x00000000eebfcb20,0x00000000eec00000)
  to   space 8192K, 0% used [0x00000000edc00000,0x00000000edc00000,0x00000000ee400000)
 ParOldGen       total 35840K, used 11773K [0x00000000c0000000, 0x00000000c2300000, 0x00000000eab00000)
  object space 35840K, 32% used [0x00000000c0000000,0x00000000c0b7f498,0x00000000c2300000)
 Metaspace       used 29243K, capacity 29751K, committed 30080K, reserved 1075200K
  class space    used 3812K, capacity 3967K, committed 3968K, reserved 1048576K
GC Heap History (10 events):
Event: 9.328 GC heap before
{Heap before GC invocations=4 (full 1):
 PSYoungGen      total 17920K, used 17904K [0x00000000eab00000, 0x00000000ebf00000, 0x0000000100000000)
  eden space 15360K, 100% used [0x00000000eab00000,0x00000000eba00000,0x00000000eba00000)
  from space 2560K, 99% used [0x00000000ebc80000,0x00000000ebefc360,0x00000000ebf00000)
  to   space 2560K, 0% used [0x00000000eba00000,0x00000000eba00000,0x00000000ebc80000)
 ParOldGen       total 40960K, used 3818K [0x00000000c0000000, 0x00000000c2800000, 0x00000000eab00000)
  object space 40960K, 9% used [0x00000000c0000000,0x00000000c03ba948,0x00000000c2800000)
 Metaspace       used 14046K, capacity 14288K, committed 14592K, reserved 1062912K
  class space    used 1625K, capacity 1720K, committed 1792K, reserved 1048576K
Event: 9.336 GC heap after
Heap after GC invocations=4 (full 1):
 PSYoungGen      total 17920K, used 2550K [0x00000000eab00000, 0x00000000ece00000, 0x0000000100000000)
  eden space 15360K, 0% used [0x00000000eab00000,0x00000000eab00000,0x00000000eba00000)
  from space 2560K, 99% used [0x00000000eba00000,0x00000000ebc7dbe8,0x00000000ebc80000)
  to   space 2560K, 0% used [0x00000000ecb80000,0x00000000ecb80000,0x00000000ece00000)
 ParOldGen       total 40960K, used 6219K [0x00000000c0000000, 0x00000000c2800000, 0x00000000eab00000)
  object space 40960K, 15% used [0x00000000c0000000,0x00000000c0612d38,0x00000000c2800000)
 Metaspace       used 14046K, capacity 14288K, committed 14592K, reserved 1062912K
  class space    used 1625K, capacity 1720K, committed 1792K, reserved 1048576K
}
Event: 9.837 GC heap before
{Heap before GC invocations=5 (full 1):
 PSYoungGen      total 17920K, used 17910K [0x00000000eab00000, 0x00000000ece00000, 0x0000000100000000)
  eden space 15360K, 100% used [0x00000000eab00000,0x00000000eba00000,0x00000000eba00000)
  from space 2560K, 99% used [0x00000000eba00000,0x00000000ebc7dbe8,0x00000000ebc80000)
  to   space 2560K, 0% used [0x00000000ecb80000,0x00000000ecb80000,0x00000000ece00000)
 ParOldGen       total 40960K, used 6219K [0x00000000c0000000, 0x00000000c2800000, 0x00000000eab00000)
  object space 40960K, 15% used [0x00000000c0000000,0x00000000c0612d38,0x00000000c2800000)
 Metaspace       used 17825K, capacity 18112K, committed 18304K, reserved 1064960K
  class space    used 2102K, capacity 2176K, committed 2176K, reserved 1048576K
Event: 9.848 GC heap after
Heap after GC invocations=5 (full 1):
 PSYoungGen      total 33280K, used 2528K [0x00000000eab00000, 0x00000000ece00000, 0x0000000100000000)
  eden space 30720K, 0% used [0x00000000eab00000,0x00000000eab00000,0x00000000ec900000)
  from space 2560K, 98% used [0x00000000ecb80000,0x00000000ecdf8258,0x00000000ece00000)
  to   space 2560K, 0% used [0x00000000ec900000,0x00000000ec900000,0x00000000ecb80000)
 ParOldGen       total 40960K, used 9778K [0x00000000c0000000, 0x00000000c2800000, 0x00000000eab00000)
  object space 40960K, 23% used [0x00000000c0000000,0x00000000c098cbd0,0x00000000c2800000)
 Metaspace       used 17825K, capacity 18112K, committed 18304K, reserved 1064960K
  class space    used 2102K, capacity 2176K, committed 2176K, reserved 1048576K
}
Event: 10.193 GC heap before
{Heap before GC invocations=6 (full 1):
 PSYoungGen      total 33280K, used 17582K [0x00000000eab00000, 0x00000000ece00000, 0x0000000100000000)
  eden space 30720K, 49% used [0x00000000eab00000,0x00000000eb9b36d0,0x00000000ec900000)
  from space 2560K, 98% used [0x00000000ecb80000,0x00000000ecdf8258,0x00000000ece00000)
  to   space 2560K, 0% used [0x00000000ec900000,0x00000000ec900000,0x00000000ecb80000)
 ParOldGen       total 40960K, used 9778K [0x00000000c0000000, 0x00000000c2800000, 0x00000000eab00000)
  object space 40960K, 23% used [0x00000000c0000000,0x00000000c098cbd0,0x00000000c2800000)
 Metaspace       used 20794K, capacity 21018K, committed 21296K, reserved 1069056K
  class space    used 2521K, capacity 2613K, committed 2688K, reserved 1048576K
Event: 10.202 GC heap after
Heap after GC invocations=6 (full 1):
 PSYoungGen      total 33280K, used 2544K [0x00000000eab00000, 0x00000000eec00000, 0x0000000100000000)
  eden space 30720K, 0% used [0x00000000eab00000,0x00000000eab00000,0x00000000ec900000)
  from space 2560K, 99% used [0x00000000ec900000,0x00000000ecb7c030,0x00000000ecb80000)
  to   space 2560K, 0% used [0x00000000ee980000,0x00000000ee980000,0x00000000eec00000)
 ParOldGen       total 40960K, used 12763K [0x00000000c0000000, 0x00000000c2800000, 0x00000000eab00000)
  object space 40960K, 31% used [0x00000000c0000000,0x00000000c0c76cd0,0x00000000c2800000)
 Metaspace       used 20794K, capacity 21018K, committed 21296K, reserved 1069056K
  class space    used 2521K, capacity 2613K, committed 2688K, reserved 1048576K
}
Event: 10.202 GC heap before
{Heap before GC invocations=7 (full 2):
 PSYoungGen      total 33280K, used 2544K [0x00000000eab00000, 0x00000000eec00000, 0x0000000100000000)
  eden space 30720K, 0% used [0x00000000eab00000,0x00000000eab00000,0x00000000ec900000)
  from space 2560K, 99% used [0x00000000ec900000,0x00000000ecb7c030,0x00000000ecb80000)
  to   space 2560K, 0% used [0x00000000ee980000,0x00000000ee980000,0x00000000eec00000)
 ParOldGen       total 40960K, used 12763K [0x00000000c0000000, 0x00000000c2800000, 0x00000000eab00000)
  object space 40960K, 31% used [0x00000000c0000000,0x00000000c0c76cd0,0x00000000c2800000)
 Metaspace       used 20794K, capacity 21018K, committed 21296K, reserved 1069056K
  class space    used 2521K, capacity 2613K, committed 2688K, reserved 1048576K
Event: 10.245 GC heap after
Heap after GC invocations=7 (full 2):
 PSYoungGen      total 33280K, used 0K [0x00000000eab00000, 0x00000000eec00000, 0x0000000100000000)
  eden space 30720K, 0% used [0x00000000eab00000,0x00000000eab00000,0x00000000ec900000)
  from space 2560K, 0% used [0x00000000ec900000,0x00000000ec900000,0x00000000ecb80000)
  to   space 2560K, 0% used [0x00000000ee980000,0x00000000ee980000,0x00000000eec00000)
 ParOldGen       total 35840K, used 7819K [0x00000000c0000000, 0x00000000c2300000, 0x00000000eab00000)
  object space 35840K, 21% used [0x00000000c0000000,0x00000000c07a2ff0,0x00000000c2300000)
 Metaspace       used 20794K, capacity 21018K, committed 21296K, reserved 1069056K
  class space    used 2521K, capacity 2613K, committed 2688K, reserved 1048576K
}
Event: 10.963 GC heap before
{Heap before GC invocations=8 (full 2):
 PSYoungGen      total 33280K, used 30620K [0x00000000eab00000, 0x00000000eec00000, 0x0000000100000000)
  eden space 30720K, 99% used [0x00000000eab00000,0x00000000ec8e7088,0x00000000ec900000)
  from space 2560K, 0% used [0x00000000ec900000,0x00000000ec900000,0x00000000ecb80000)
  to   space 2560K, 0% used [0x00000000ee980000,0x00000000ee980000,0x00000000eec00000)
 ParOldGen       total 35840K, used 7819K [0x00000000c0000000, 0x00000000c2300000, 0x00000000eab00000)
  object space 35840K, 21% used [0x00000000c0000000,0x00000000c07a2ff0,0x00000000c2300000)
 Metaspace       used 23913K, capacity 24202K, committed 24704K, reserved 1071104K
  class space    used 3028K, capacity 3117K, committed 3200K, reserved 1048576K
Event: 10.975 GC heap after
Heap after GC invocations=8 (full 2):
 PSYoungGen      total 49152K, used 2546K [0x00000000eab00000, 0x00000000eec00000, 0x0000000100000000)
  eden space 46592K, 0% used [0x00000000eab00000,0x00000000eab00000,0x00000000ed880000)
  from space 2560K, 99% used [0x00000000ee980000,0x00000000eebfcb20,0x00000000eec00000)
  to   space 8192K, 0% used [0x00000000edc00000,0x00000000edc00000,0x00000000ee400000)
 ParOldGen       total 35840K, used 11773K [0x00000000c0000000, 0x00000000c2300000, 0x00000000eab00000)
  object space 35840K, 32% used [0x00000000c0000000,0x00000000c0b7f498,0x00000000c2300000)
 Metaspace       used 23913K, capacity 24202K, committed 24704K, reserved 1071104K
  class space    used 3028K, capacity 3117K, committed 3200K, reserved 1048576K
}

